<?xml version="1.0" encoding="UTF-8"?>
<!-- Generated by org.testng.reporters.JUnitXMLReporter -->
<testsuite ignored="1" hostname="sreeja-PC" failures="0" tests="3" name="ChromeTest" time="93.836" errors="0" timestamp="2020-08-29T12:49:01 EDT">
  <testcase classname="Test.Logintest" name="login" time="29.466"/>
  <testcase classname="Test.Logintest" name="validateloginpagetest" time="0.106"/>
  <testcase classname="Test.Home" name="Hometest" time="4.679"/>
  <testcase classname="Utilites.Baseclass" name="@AfterTest afterclass" time="0.0">
    <ignored/>
  </testcase> <!-- @AfterTest afterclass -->
</testsuite> <!-- ChromeTest -->
