<?xml version="1.0" encoding="UTF-8"?>
<testng-results ignored="0" total="1" passed="1" failed="0" skipped="0">
  <reporter-output>
  </reporter-output>
  <suite started-at="2020-08-29T13:23:17 EDT" name="Default suite" finished-at="2020-08-29T13:25:01 EDT" duration-ms="103580">
    <groups>
    </groups>
    <test started-at="2020-08-29T13:23:17 EDT" name="Default test" finished-at="2020-08-29T13:25:01 EDT" duration-ms="103580">
      <class name="Test.Home">
        <test-method is-config="true" signature="beforeclass()[pri:0, instance:Test.Home@12d4bf7e]" started-at="2020-08-29T13:23:17 EDT" name="beforeclass" finished-at="2020-08-29T13:24:31 EDT" duration-ms="73859" status="PASS">
          <reporter-output>
          </reporter-output>
        </test-method> <!-- beforeclass -->
        <test-method signature="Hometest()[pri:0, instance:Test.Home@12d4bf7e]" started-at="2020-08-29T13:24:31 EDT" name="Hometest" finished-at="2020-08-29T13:25:01 EDT" duration-ms="29567" status="PASS">
          <reporter-output>
          </reporter-output>
        </test-method> <!-- Hometest -->
        <test-method is-config="true" signature="afterclass()[pri:0, instance:Test.Home@12d4bf7e]" started-at="2020-08-29T13:25:01 EDT" name="afterclass" finished-at="2020-08-29T13:25:01 EDT" duration-ms="0" status="PASS">
          <reporter-output>
          </reporter-output>
        </test-method> <!-- afterclass -->
      </class> <!-- Test.Home -->
    </test> <!-- Default test -->
  </suite> <!-- Default suite -->
</testng-results>
